<?xml version="1.0" encoding="UTF-8"?>
<testsuite name="br.com.zup.BuscaAutoresControllerTest" tests="1" skipped="0" failures="1" errors="0" timestamp="2021-08-17T12:48:34" hostname="debianZ" time="1.182">
  <properties/>
  <testcase name="deveRetornarOsDadosDeUmAutor()" classname="br.com.zup.BuscaAutoresControllerTest" time="1.182">
    <failure message="io.micronaut.http.client.exceptions.HttpClientResponseException: Error decoding HTTP response body: Error decoding stream for type [class br.com.zup.autores.DetalhesDoAutorResponse]: Missing required creator property 'endereco' (index 3)&#10; at [Source: (byte[])&quot;{&quot;nome&quot;:&quot;Bob Green&quot;,&quot;email&quot;:&quot;bob.green@zup.com.br&quot;,&quot;descricao&quot;:&quot;Teste post casa do código&quot;}&quot;; line: 1, column: 92]" type="io.micronaut.http.client.exceptions.HttpClientResponseException">io.micronaut.http.client.exceptions.HttpClientResponseException: Error decoding HTTP response body: Error decoding stream for type [class br.com.zup.autores.DetalhesDoAutorResponse]: Missing required creator property 'endereco' (index 3)
 at [Source: (byte[])&quot;{&quot;nome&quot;:&quot;Bob Green&quot;,&quot;email&quot;:&quot;bob.green@zup.com.br&quot;,&quot;descricao&quot;:&quot;Teste post casa do código&quot;}&quot;; line: 1, column: 92]
	at io.micronaut.http.client.netty.DefaultHttpClient$11.channelReadInstrumented(DefaultHttpClient.java:2191)
	at io.micronaut.http.client.netty.DefaultHttpClient$11.channelReadInstrumented(DefaultHttpClient.java:2061)
	at io.micronaut.http.client.netty.DefaultHttpClient$SimpleChannelInboundHandlerInstrumented.channelRead0(DefaultHttpClient.java:2765)
	at io.netty.channel.SimpleChannelInboundHandler.channelRead(SimpleChannelInboundHandler.java:99)
	at io.netty.channel.AbstractChannelHandlerContext.invokeChannelRead(AbstractChannelHandlerContext.java:379)
	at io.netty.channel.AbstractChannelHandlerContext.invokeChannelRead(AbstractChannelHandlerContext.java:365)
	at io.netty.channel.AbstractChannelHandlerContext.fireChannelRead(AbstractChannelHandlerContext.java:357)
	at io.micronaut.http.netty.stream.HttpStreamsHandler.channelRead(HttpStreamsHandler.java:194)
	at io.micronaut.http.netty.stream.HttpStreamsClientHandler.channelRead(HttpStreamsClientHandler.java:183)
	at io.netty.channel.AbstractChannelHandlerContext.invokeChannelRead(AbstractChannelHandlerContext.java:379)
	at io.netty.channel.AbstractChannelHandlerContext.invokeChannelRead(AbstractChannelHandlerContext.java:365)
	at io.netty.channel.AbstractChannelHandlerContext.fireChannelRead(AbstractChannelHandlerContext.java:357)
	at io.netty.handler.codec.MessageToMessageDecoder.channelRead(MessageToMessageDecoder.java:103)
	at io.netty.channel.AbstractChannelHandlerContext.invokeChannelRead(AbstractChannelHandlerContext.java:379)
	at io.netty.channel.AbstractChannelHandlerContext.invokeChannelRead(AbstractChannelHandlerContext.java:365)
	at io.netty.channel.AbstractChannelHandlerContext.fireChannelRead(AbstractChannelHandlerContext.java:357)
	at io.netty.handler.codec.MessageToMessageDecoder.channelRead(MessageToMessageDecoder.java:103)
	at io.netty.channel.AbstractChannelHandlerContext.invokeChannelRead(AbstractChannelHandlerContext.java:379)
	at io.netty.channel.AbstractChannelHandlerContext.invokeChannelRead(AbstractChannelHandlerContext.java:365)
	at io.netty.channel.AbstractChannelHandlerContext.fireChannelRead(AbstractChannelHandlerContext.java:357)
	at io.netty.channel.CombinedChannelDuplexHandler$DelegatingChannelHandlerContext.fireChannelRead(CombinedChannelDuplexHandler.java:436)
	at io.netty.handler.codec.ByteToMessageDecoder.fireChannelRead(ByteToMessageDecoder.java:324)
	at io.netty.handler.codec.ByteToMessageDecoder.channelRead(ByteToMessageDecoder.java:296)
	at io.netty.channel.CombinedChannelDuplexHandler.channelRead(CombinedChannelDuplexHandler.java:251)
	at io.netty.channel.AbstractChannelHandlerContext.invokeChannelRead(AbstractChannelHandlerContext.java:379)
	at io.netty.channel.AbstractChannelHandlerContext.invokeChannelRead(AbstractChannelHandlerContext.java:365)
	at io.netty.channel.AbstractChannelHandlerContext.fireChannelRead(AbstractChannelHandlerContext.java:357)
	at io.netty.handler.timeout.IdleStateHandler.channelRead(IdleStateHandler.java:286)
	at io.netty.channel.AbstractChannelHandlerContext.invokeChannelRead(AbstractChannelHandlerContext.java:379)
	at io.netty.channel.AbstractChannelHandlerContext.invokeChannelRead(AbstractChannelHandlerContext.java:365)
	at io.netty.channel.AbstractChannelHandlerContext.fireChannelRead(AbstractChannelHandlerContext.java:357)
	at io.netty.channel.DefaultChannelPipeline$HeadContext.channelRead(DefaultChannelPipeline.java:1410)
	at io.netty.channel.AbstractChannelHandlerContext.invokeChannelRead(AbstractChannelHandlerContext.java:379)
	at io.netty.channel.AbstractChannelHandlerContext.invokeChannelRead(AbstractChannelHandlerContext.java:365)
	at io.netty.channel.DefaultChannelPipeline.fireChannelRead(DefaultChannelPipeline.java:919)
	at io.netty.channel.nio.AbstractNioByteChannel$NioByteUnsafe.read(AbstractNioByteChannel.java:166)
	at io.netty.channel.nio.NioEventLoop.processSelectedKey(NioEventLoop.java:719)
	at io.netty.channel.nio.NioEventLoop.processSelectedKeysOptimized(NioEventLoop.java:655)
	at io.netty.channel.nio.NioEventLoop.processSelectedKeys(NioEventLoop.java:581)
	at io.netty.channel.nio.NioEventLoop.run(NioEventLoop.java:493)
	at io.netty.util.concurrent.SingleThreadEventExecutor$4.run(SingleThreadEventExecutor.java:986)
	at io.netty.util.internal.ThreadExecutorMap$2.run(ThreadExecutorMap.java:74)
	at io.netty.util.concurrent.FastThreadLocalRunnable.run(FastThreadLocalRunnable.java:30)
	at java.base/java.lang.Thread.run(Thread.java:829)
Caused by: io.micronaut.http.codec.CodecException: Error decoding stream for type [class br.com.zup.autores.DetalhesDoAutorResponse]: Missing required creator property 'endereco' (index 3)
 at [Source: (byte[])&quot;{&quot;nome&quot;:&quot;Bob Green&quot;,&quot;email&quot;:&quot;bob.green@zup.com.br&quot;,&quot;descricao&quot;:&quot;Teste post casa do código&quot;}&quot;; line: 1, column: 92]
	at io.micronaut.jackson.codec.JacksonMediaTypeCodec.decode(JacksonMediaTypeCodec.java:209)
	at io.micronaut.http.client.netty.FullNettyClientHttpResponse.convertByteBuf(FullNettyClientHttpResponse.java:280)
	at io.micronaut.http.client.netty.FullNettyClientHttpResponse.lambda$getBody$1(FullNettyClientHttpResponse.java:218)
	at java.base/java.util.HashMap.computeIfAbsent(HashMap.java:1133)
	at io.micronaut.http.client.netty.FullNettyClientHttpResponse.getBody(FullNettyClientHttpResponse.java:192)
	at io.micronaut.http.client.netty.FullNettyClientHttpResponse.&lt;init&gt;(FullNettyClientHttpResponse.java:111)
	at io.micronaut.http.client.netty.DefaultHttpClient$11.channelReadInstrumented(DefaultHttpClient.java:2121)
	... 43 more
Caused by: com.fasterxml.jackson.databind.exc.MismatchedInputException: Missing required creator property 'endereco' (index 3)
 at [Source: (byte[])&quot;{&quot;nome&quot;:&quot;Bob Green&quot;,&quot;email&quot;:&quot;bob.green@zup.com.br&quot;,&quot;descricao&quot;:&quot;Teste post casa do código&quot;}&quot;; line: 1, column: 92]
	at com.fasterxml.jackson.databind.exc.MismatchedInputException.from(MismatchedInputException.java:59)
	at com.fasterxml.jackson.databind.DeserializationContext.reportInputMismatch(DeserializationContext.java:1615)
	at com.fasterxml.jackson.databind.deser.impl.PropertyValueBuffer._findMissing(PropertyValueBuffer.java:194)
	at com.fasterxml.jackson.databind.deser.impl.PropertyValueBuffer.getParameters(PropertyValueBuffer.java:160)
	at com.fasterxml.jackson.databind.deser.ValueInstantiator.createFromObjectWith(ValueInstantiator.java:288)
	at com.fasterxml.jackson.databind.deser.impl.PropertyBasedCreator.build(PropertyBasedCreator.java:202)
	at com.fasterxml.jackson.databind.deser.BeanDeserializer._deserializeUsingPropertyBased(BeanDeserializer.java:520)
	at com.fasterxml.jackson.databind.deser.BeanDeserializerBase.deserializeFromObjectUsingNonDefault(BeanDeserializerBase.java:1405)
	at com.fasterxml.jackson.databind.deser.BeanDeserializer.deserializeFromObject(BeanDeserializer.java:362)
	at com.fasterxml.jackson.databind.deser.BeanDeserializer._deserializeOther(BeanDeserializer.java:230)
	at com.fasterxml.jackson.databind.deser.BeanDeserializer.deserialize(BeanDeserializer.java:197)
	at com.fasterxml.jackson.databind.deser.BeanDeserializerBase.deserializeFromObjectUsingNonDefault(BeanDeserializerBase.java:1398)
	at com.fasterxml.jackson.databind.deser.BeanDeserializer.deserializeFromObject(BeanDeserializer.java:362)
	at com.fasterxml.jackson.databind.deser.BeanDeserializer.deserialize(BeanDeserializer.java:195)
	at com.fasterxml.jackson.databind.deser.DefaultDeserializationContext.readRootValue(DefaultDeserializationContext.java:322)
	at com.fasterxml.jackson.databind.ObjectMapper._readMapAndClose(ObjectMapper.java:4593)
	at com.fasterxml.jackson.databind.ObjectMapper.readValue(ObjectMapper.java:3609)
	at io.micronaut.jackson.codec.JacksonMediaTypeCodec.decode(JacksonMediaTypeCodec.java:206)
	... 49 more
</failure>
  </testcase>
  <system-out><![CDATA[?[36m09:48:31.893?[0;39m ?[1;30m[Test worker]?[0;39m ?[34mINFO ?[0;39m ?[35mi.m.context.env.DefaultEnvironment?[0;39m - Established active environments: [test]
?[36m09:48:32.742?[0;39m ?[1;30m[Test worker]?[0;39m ?[34mINFO ?[0;39m ?[35mcom.zaxxer.hikari.HikariDataSource?[0;39m - HikariPool-1 - Starting...
?[36m09:48:32.889?[0;39m ?[1;30m[Test worker]?[0;39m ?[34mINFO ?[0;39m ?[35mcom.zaxxer.hikari.HikariDataSource?[0;39m - HikariPool-1 - Start completed.
?[36m09:48:32.915?[0;39m ?[1;30m[Test worker]?[0;39m ?[34mINFO ?[0;39m ?[35morg.hibernate.Version?[0;39m - HHH000412: Hibernate ORM core version 5.4.24.Final
?[36m09:48:33.050?[0;39m ?[1;30m[Test worker]?[0;39m ?[34mINFO ?[0;39m ?[35mo.h.annotations.common.Version?[0;39m - HCANN000001: Hibernate Commons Annotations {5.1.2.Final}
?[36m09:48:33.167?[0;39m ?[1;30m[Test worker]?[0;39m ?[34mINFO ?[0;39m ?[35morg.hibernate.dialect.Dialect?[0;39m - HHH000400: Using dialect: org.hibernate.dialect.H2Dialect
?[36m09:48:33.739?[0;39m ?[1;30m[Test worker]?[0;39m ?[34mINFO ?[0;39m ?[35mi.m.l.PropertiesLoggingLevelsConfigurer?[0;39m - Setting log level 'DEBUG' for logger: 'io.micronaut.transactional'
?[36m09:48:35.307?[0;39m ?[1;30m[Test worker]?[0;39m ?[34mINFO ?[0;39m ?[35mcom.zaxxer.hikari.HikariDataSource?[0;39m - HikariPool-1 - Shutdown initiated...
?[36m09:48:35.312?[0;39m ?[1;30m[Test worker]?[0;39m ?[34mINFO ?[0;39m ?[35mcom.zaxxer.hikari.HikariDataSource?[0;39m - HikariPool-1 - Shutdown completed.
]]></system-out>
  <system-err><![CDATA[]]></system-err>
</testsuite>
